  SceneManager.cpp
C:\Users\Trevor\Downloads\CS330Content\Projects\7-1_FinalProjectMilestones\Source\SceneManager.cpp(259,16): warning C4018: '<': signed/unsigned mismatch
C:\Users\Trevor\Downloads\CS330Content\Projects\7-1_FinalProjectMilestones\Source\SceneManager.cpp(430,27): warning C4305: '=': truncation from 'double' to 'float'
C:\Users\Trevor\Downloads\CS330Content\Projects\7-1_FinalProjectMilestones\Source\SceneManager.cpp(548,29): warning C4305: 'argument': truncation from 'double' to 'float'
C:\Users\Trevor\Downloads\CS330Content\Projects\7-1_FinalProjectMilestones\Source\SceneManager.cpp(548,23): warning C4305: 'argument': truncation from 'double' to 'float'
C:\Users\Trevor\Downloads\CS330Content\Projects\7-1_FinalProjectMilestones\Source\SceneManager.cpp(548,17): warning C4305: 'argument': truncation from 'double' to 'float'
C:\Users\Trevor\Downloads\CS330Content\Projects\7-1_FinalProjectMilestones\Source\SceneManager.cpp(607,29): warning C4305: 'argument': truncation from 'double' to 'float'
C:\Users\Trevor\Downloads\CS330Content\Projects\7-1_FinalProjectMilestones\Source\SceneManager.cpp(607,23): warning C4305: 'argument': truncation from 'double' to 'float'
C:\Users\Trevor\Downloads\CS330Content\Projects\7-1_FinalProjectMilestones\Source\SceneManager.cpp(607,17): warning C4305: 'argument': truncation from 'double' to 'float'
C:\Users\Trevor\Downloads\CS330Content\Projects\7-1_FinalProjectMilestones\Source\SceneManager.cpp(663,29): warning C4305: 'argument': truncation from 'double' to 'float'
C:\Users\Trevor\Downloads\CS330Content\Projects\7-1_FinalProjectMilestones\Source\SceneManager.cpp(663,23): warning C4305: 'argument': truncation from 'double' to 'float'
C:\Users\Trevor\Downloads\CS330Content\Projects\7-1_FinalProjectMilestones\Source\SceneManager.cpp(663,17): warning C4305: 'argument': truncation from 'double' to 'float'
C:\Users\Trevor\Downloads\CS330Content\Projects\7-1_FinalProjectMilestones\Source\SceneManager.cpp(690,29): warning C4305: 'argument': truncation from 'double' to 'float'
C:\Users\Trevor\Downloads\CS330Content\Projects\7-1_FinalProjectMilestones\Source\SceneManager.cpp(690,23): warning C4305: 'argument': truncation from 'double' to 'float'
C:\Users\Trevor\Downloads\CS330Content\Projects\7-1_FinalProjectMilestones\Source\SceneManager.cpp(690,17): warning C4305: 'argument': truncation from 'double' to 'float'
C:\Users\Trevor\Downloads\CS330Content\Projects\7-1_FinalProjectMilestones\Source\SceneManager.cpp(746,29): warning C4305: 'argument': truncation from 'double' to 'float'
C:\Users\Trevor\Downloads\CS330Content\Projects\7-1_FinalProjectMilestones\Source\SceneManager.cpp(746,23): warning C4305: 'argument': truncation from 'double' to 'float'
C:\Users\Trevor\Downloads\CS330Content\Projects\7-1_FinalProjectMilestones\Source\SceneManager.cpp(746,17): warning C4305: 'argument': truncation from 'double' to 'float'
C:\Users\Trevor\Downloads\CS330Content\Projects\7-1_FinalProjectMilestones\Source\SceneManager.cpp(773,29): warning C4305: 'argument': truncation from 'double' to 'float'
C:\Users\Trevor\Downloads\CS330Content\Projects\7-1_FinalProjectMilestones\Source\SceneManager.cpp(773,23): warning C4305: 'argument': truncation from 'double' to 'float'
C:\Users\Trevor\Downloads\CS330Content\Projects\7-1_FinalProjectMilestones\Source\SceneManager.cpp(773,17): warning C4305: 'argument': truncation from 'double' to 'float'
C:\Users\Trevor\Downloads\CS330Content\Projects\7-1_FinalProjectMilestones\Source\SceneManager.cpp(798,29): warning C4305: 'argument': truncation from 'double' to 'float'
C:\Users\Trevor\Downloads\CS330Content\Projects\7-1_FinalProjectMilestones\Source\SceneManager.cpp(798,23): warning C4305: 'argument': truncation from 'double' to 'float'
C:\Users\Trevor\Downloads\CS330Content\Projects\7-1_FinalProjectMilestones\Source\SceneManager.cpp(798,17): warning C4305: 'argument': truncation from 'double' to 'float'
C:\Users\Trevor\Downloads\CS330Content\Projects\7-1_FinalProjectMilestones\Source\SceneManager.cpp(823,29): warning C4305: 'argument': truncation from 'double' to 'float'
C:\Users\Trevor\Downloads\CS330Content\Projects\7-1_FinalProjectMilestones\Source\SceneManager.cpp(823,23): warning C4305: 'argument': truncation from 'double' to 'float'
C:\Users\Trevor\Downloads\CS330Content\Projects\7-1_FinalProjectMilestones\Source\SceneManager.cpp(823,17): warning C4305: 'argument': truncation from 'double' to 'float'
C:\Users\Trevor\Downloads\CS330Content\Projects\7-1_FinalProjectMilestones\Source\SceneManager.cpp(851,29): warning C4305: 'argument': truncation from 'double' to 'float'
C:\Users\Trevor\Downloads\CS330Content\Projects\7-1_FinalProjectMilestones\Source\SceneManager.cpp(851,23): warning C4305: 'argument': truncation from 'double' to 'float'
C:\Users\Trevor\Downloads\CS330Content\Projects\7-1_FinalProjectMilestones\Source\SceneManager.cpp(851,17): warning C4305: 'argument': truncation from 'double' to 'float'
  7-1_FinalProjectMilestones.vcxproj -> C:\Users\Trevor\Downloads\CS330Content\Projects\7-1_FinalProjectMilestones\Debug\7-1_FinalProjectMilestones.exe
